Using pre-set license
Built from '2020.3/staging' branch; Version is '2020.3.30f1 (1fb1bf06830e) revision 2077119'; Using compiler version '192528614'; Build Type 'Release'
OS: 'Windows 10  (10.0.19044) 64bit Education' Language: 'he' Physical Memory: 32680 MB
BatchMode: 1, IsHumanControllingUs: 0, StartBugReporterOnCrash: 0, Is64bit: 1, IsPro: 0

COMMAND LINE ARGUMENTS:
C:\Program Files\Unity\Hub\Editor\2020.3.30f1\Editor\Unity.exe
-adb2
-batchMode
-noUpm
-name
AssetImportWorker0
-projectPath
D:/GitHub/Gunmadillo/Armadillo
-logFile
Logs/AssetImportWorker0.log
-srvPort
54949
Successfully changed project path to: D:/GitHub/Gunmadillo/Armadillo
D:/GitHub/Gunmadillo/Armadillo
Using Asset Import Pipeline V2.
Refreshing native plugins compatible for Editor in 33.77 ms, found 2 plugins.
Preloading 0 native plugins for Editor in 0.00 ms.
Initialize engine version: 2020.3.30f1 (1fb1bf06830e)
[Subsystems] Discovering subsystems at path C:/Program Files/Unity/Hub/Editor/2020.3.30f1/Editor/Data/Resources/UnitySubsystems
[Subsystems] Discovering subsystems at path D:/GitHub/Gunmadillo/Armadillo/Assets
GfxDevice: creating device client; threaded=0
Direct3D:
    Version:  Direct3D 11.0 [level 11.1]
    Renderer: NVIDIA GeForce RTX 3080 (ID=0x2206)
    Vendor:   
    VRAM:     10077 MB
    Driver:   30.0.15.1259
Initialize mono
Mono path[0] = 'C:/Program Files/Unity/Hub/Editor/2020.3.30f1/Editor/Data/Managed'
Mono path[1] = 'C:/Program Files/Unity/Hub/Editor/2020.3.30f1/Editor/Data/MonoBleedingEdge/lib/mono/unityjit'
Mono config path = 'C:/Program Files/Unity/Hub/Editor/2020.3.30f1/Editor/Data/MonoBleedingEdge/etc'
Using monoOptions --debugger-agent=transport=dt_socket,embedding=1,server=y,suspend=n,address=127.0.0.1:56648
Begin MonoManager ReloadAssembly
Registering precompiled unity dll's ...
Register platform support module: C:/Program Files/Unity/Hub/Editor/2020.3.30f1/Editor/Data/PlaybackEngines/WindowsStandaloneSupport/UnityEditor.WindowsStandalone.Extensions.dll
Registered in 0.001497 seconds.
Native extension for WindowsStandalone target not found
Refreshing native plugins compatible for Editor in 34.13 ms, found 2 plugins.
Preloading 0 native plugins for Editor in 0.00 ms.
Mono: successfully reloaded assembly
- Completed reload, in  0.393 seconds
Domain Reload Profiling:
	ReloadAssembly (393ms)
		BeginReloadAssembly (45ms)
			ExecutionOrderSort (0ms)
			DisableScriptedObjects (0ms)
			BackupInstance (0ms)
			ReleaseScriptingObjects (0ms)
			CreateAndSetChildDomain (1ms)
		EndReloadAssembly (299ms)
			LoadAssemblies (44ms)
			RebuildTransferFunctionScriptingTraits (0ms)
			SetupTypeCache (90ms)
			ReleaseScriptCaches (0ms)
			RebuildScriptCaches (17ms)
			SetupLoadedEditorAssemblies (121ms)
				LogAssemblyErrors (0ms)
				InitializePlatformSupportModulesInManaged (3ms)
				SetLoadedEditorAssemblies (0ms)
				RefreshPlugins (34ms)
				BeforeProcessingInitializeOnLoad (11ms)
				ProcessInitializeOnLoadAttributes (54ms)
				ProcessInitializeOnLoadMethodAttributes (18ms)
				AfterProcessingInitializeOnLoad (0ms)
				EditorAssembliesLoaded (0ms)
			ExecutionOrderSort2 (0ms)
			AwakeInstancesAfterBackupRestoration (0ms)
Platform modules already initialized, skipping
Registering precompiled user dll's ...
Registered in 0.001903 seconds.
Begin MonoManager ReloadAssembly
Native extension for WindowsStandalone target not found
Refreshing native plugins compatible for Editor in 34.53 ms, found 2 plugins.
Preloading 0 native plugins for Editor in 0.00 ms.
Mono: successfully reloaded assembly
- Completed reload, in  0.720 seconds
Domain Reload Profiling:
	ReloadAssembly (721ms)
		BeginReloadAssembly (99ms)
			ExecutionOrderSort (0ms)
			DisableScriptedObjects (3ms)
			BackupInstance (0ms)
			ReleaseScriptingObjects (0ms)
			CreateAndSetChildDomain (13ms)
		EndReloadAssembly (582ms)
			LoadAssemblies (65ms)
			RebuildTransferFunctionScriptingTraits (0ms)
			SetupTypeCache (184ms)
			ReleaseScriptCaches (0ms)
			RebuildScriptCaches (29ms)
			SetupLoadedEditorAssemblies (234ms)
				LogAssemblyErrors (0ms)
				InitializePlatformSupportModulesInManaged (2ms)
				SetLoadedEditorAssemblies (0ms)
				RefreshPlugins (35ms)
				BeforeProcessingInitializeOnLoad (58ms)
				ProcessInitializeOnLoadAttributes (126ms)
				ProcessInitializeOnLoadMethodAttributes (7ms)
				AfterProcessingInitializeOnLoad (5ms)
				EditorAssembliesLoaded (0ms)
			ExecutionOrderSort2 (0ms)
			AwakeInstancesAfterBackupRestoration (5ms)
Platform modules already initialized, skipping
========================================================================
Worker process is ready to serve import requests
Launched and connected shader compiler UnityShaderCompiler.exe after 0.03 seconds
Refreshing native plugins compatible for Editor in 0.47 ms, found 2 plugins.
Preloading 0 native plugins for Editor in 0.00 ms.
Unloading 2806 Unused Serialized files (Serialized files now loaded: 0)
System memory in use before: 126.9 MB.
System memory in use after: 127.1 MB.

Unloading 17 unused Assets to reduce memory usage. Loaded Objects now: 3242.
Total: 2.411700 ms (FindLiveObjects: 0.179100 ms CreateObjectMapping: 0.091700 ms MarkObjects: 2.075900 ms  DeleteObjects: 0.064300 ms)

AssetImportParameters requested are different than current active one (requested -> active):
  custom:framework-win-MediaFoundation: 216162199b28c13a410421893ffa2e32 -> 
  custom:video-decoder-ogg-theora: a1e56fd34408186e4bbccfd4996cb3dc -> 
  custom:container-muxer-webm: aa71ff27fc2769a1b78a27578f13a17b -> 
  custom:container-demuxer-webm: 4f35f7cbe854078d1ac9338744f61a02 -> 
  custom:container-demuxer-ogg: 62fdf1f143b41e24485cea50d1cbac27 -> 
  custom:video-encoder-webm-vp8: eb34c28f22e8b96e1ab97ce403110664 -> 
  custom:video-decoder-webm-vp8: 9c59270c3fd7afecdb556c50c9e8de78 -> 
  custom:audio-decoder-ogg-vorbis: bf7c407c2cedff20999df2af8eb42d56 -> 
  custom:audio-encoder-webm-vorbis: bf7c407c2cedff20999df2af8eb42d56 -> 
========================================================================
Received Import Request.
  path: Assets/Material.mat
  artifactKey: Guid(59dafde5c151e474882add3a098621ee) Importer(815301076,1909f56bfc062723c751e8b465ee728b)
Start importing Assets/Material.mat using Guid(59dafde5c151e474882add3a098621ee) Importer(815301076,1909f56bfc062723c751e8b465ee728b)  -> (artifact id: '76cf141a8aa2d6fde0e8a3a182e609fd') in 0.169097 seconds 
========================================================================
Received Import Request.
  Time since last request: 0.000111 seconds.
  path: Assets/western copy.png
  artifactKey: Guid(d08ebdacead82bd4e8927b19d4668cdf) Importer(815301076,1909f56bfc062723c751e8b465ee728b)
Start importing Assets/western copy.png using Guid(d08ebdacead82bd4e8927b19d4668cdf) Importer(815301076,1909f56bfc062723c751e8b465ee728b)  -> (artifact id: 'f1e83f94151c798945f9b3338a8f005f') in 0.016950 seconds 
========================================================================
Received Import Request.
  Time since last request: 0.000089 seconds.
  path: Assets/sand 1.png
  artifactKey: Guid(c4dee279801beb740a123224360d8255) Importer(815301076,1909f56bfc062723c751e8b465ee728b)
Start importing Assets/sand 1.png using Guid(c4dee279801beb740a123224360d8255) Importer(815301076,1909f56bfc062723c751e8b465ee728b)  -> (artifact id: '8c2dd365194f8ef5f839d0cb7d4e16f6') in 0.009460 seconds 
========================================================================
Received Import Request.
  Time since last request: 0.000080 seconds.
  path: Assets/sand floor.prefab
  artifactKey: Guid(921f428d9acf0234a8f21fddc263124f) Importer(815301076,1909f56bfc062723c751e8b465ee728b)
Start importing Assets/sand floor.prefab using Guid(921f428d9acf0234a8f21fddc263124f) Importer(815301076,1909f56bfc062723c751e8b465ee728b)  -> (artifact id: 'c6de4637a39b8a7f9d6f6131939e251b') in 0.015402 seconds 
========================================================================
Received Import Request.
  Time since last request: 0.000092 seconds.
  path: Assets/sand floor.fbx
  artifactKey: Guid(f0a9c32fda355ef4fac02533d0e2c03c) Importer(815301076,1909f56bfc062723c751e8b465ee728b)
Start importing Assets/sand floor.fbx using Guid(f0a9c32fda355ef4fac02533d0e2c03c) Importer(815301076,1909f56bfc062723c751e8b465ee728b)  -> (artifact id: '66b880d576d43c855f875918288f8258') in 0.054269 seconds 
========================================================================
Received Import Request.
  Time since last request: 0.000107 seconds.
  path: Assets/sand.png
  artifactKey: Guid(9d38c42577377d545900aed18a97a3f8) Importer(815301076,1909f56bfc062723c751e8b465ee728b)
Start importing Assets/sand.png using Guid(9d38c42577377d545900aed18a97a3f8) Importer(815301076,1909f56bfc062723c751e8b465ee728b)  -> (artifact id: 'bd02bc5fe6b4499e82e112b62e664464') in 0.006136 seconds 
========================================================================
Received Import Request.
  Time since last request: 0.000095 seconds.
  path: Assets/western copy.psd
  artifactKey: Guid(d8b7eb25a9ccc804bbf754125c256d4d) Importer(815301076,1909f56bfc062723c751e8b465ee728b)
Start importing Assets/western copy.psd using Guid(d8b7eb25a9ccc804bbf754125c256d4d) Importer(815301076,1909f56bfc062723c751e8b465ee728b)  -> (artifact id: 'e7a806536d088bf02c17fc2570ba4558') in 0.020018 seconds 
========================================================================
Received Import Request.
  Time since last request: 0.000089 seconds.
  path: Assets/logo copy 2.png
  artifactKey: Guid(1ac366640de98eb47b1ab77bb492a5d4) Importer(815301076,1909f56bfc062723c751e8b465ee728b)
Start importing Assets/logo copy 2.png using Guid(1ac366640de98eb47b1ab77bb492a5d4) Importer(815301076,1909f56bfc062723c751e8b465ee728b)  -> (artifact id: 'a5df4c4b10562bf187554c8ea9a3ae87') in 0.006772 seconds 
========================================================================
Received Import Request.
  Time since last request: 31.845716 seconds.
  path: Assets/sand floor.fbx
  artifactKey: Guid(f0a9c32fda355ef4fac02533d0e2c03c) Importer(815301076,1909f56bfc062723c751e8b465ee728b)
Start importing Assets/sand floor.fbx using Guid(f0a9c32fda355ef4fac02533d0e2c03c) Importer(815301076,1909f56bfc062723c751e8b465ee728b)  -> (artifact id: 'c1e03e79e19d72ba4d86d71417d03911') in 0.013528 seconds 
========================================================================
Received Import Request.
  Time since last request: 0.000096 seconds.
  path: Assets/sand floor.png
  artifactKey: Guid(16e0398b0acba034abdfeb860568ad55) Importer(815301076,1909f56bfc062723c751e8b465ee728b)
Start importing Assets/sand floor.png using Guid(16e0398b0acba034abdfeb860568ad55) Importer(815301076,1909f56bfc062723c751e8b465ee728b)  -> (artifact id: '95b5dc492734cba20d0b28d422a0150a') in 0.004524 seconds 
========================================================================
Received Import Request.
  Time since last request: 27.933262 seconds.
  path: Assets/Assets/UI/exit.png
  artifactKey: Guid(6aba0641d1a4e5a4298353251ebe0be4) Importer(815301076,1909f56bfc062723c751e8b465ee728b)
Start importing Assets/Assets/UI/exit.png using Guid(6aba0641d1a4e5a4298353251ebe0be4) Importer(815301076,1909f56bfc062723c751e8b465ee728b)  -> (artifact id: 'e1d9e2258c1654f8effd913299deabd1') in 0.164273 seconds 
========================================================================
Received Import Request.
  Time since last request: 0.000083 seconds.
  path: Assets/Assets/Environment/Other/wanted.psd
  artifactKey: Guid(56b9c2539964e094189c5882151c7ad2) Importer(815301076,1909f56bfc062723c751e8b465ee728b)
Start importing Assets/Assets/Environment/Other/wanted.psd using Guid(56b9c2539964e094189c5882151c7ad2) Importer(815301076,1909f56bfc062723c751e8b465ee728b)  -> (artifact id: '765de5a42201e7c0e57b652384c6afa2') in 0.052742 seconds 
========================================================================
Received Import Request.
  Time since last request: 0.000095 seconds.
  path: Assets/Assets/UI/pause.png
  artifactKey: Guid(5e8f1e096e8fa3e49a69add09bf9f3e5) Importer(815301076,1909f56bfc062723c751e8b465ee728b)
Start importing Assets/Assets/UI/pause.png using Guid(5e8f1e096e8fa3e49a69add09bf9f3e5) Importer(815301076,1909f56bfc062723c751e8b465ee728b)  -> (artifact id: '510ec9c52be14aa36ec22a8059f67223') in 0.072694 seconds 
========================================================================
Received Import Request.
  Time since last request: 0.000093 seconds.
  path: Assets/Assets/UI/options.png
  artifactKey: Guid(0e8a2072a558a3646923522c604e509e) Importer(815301076,1909f56bfc062723c751e8b465ee728b)
Start importing Assets/Assets/UI/options.png using Guid(0e8a2072a558a3646923522c604e509e) Importer(815301076,1909f56bfc062723c751e8b465ee728b)  -> (artifact id: 'de2bac25942ea2adef22a8637995fb69') in 0.045396 seconds 
========================================================================
Received Import Request.
  Time since last request: 0.000087 seconds.
  path: Assets/Assets/UI/resume.png
  artifactKey: Guid(8c13ad53d980d2647b727535c84d7125) Importer(815301076,1909f56bfc062723c751e8b465ee728b)
Start importing Assets/Assets/UI/resume.png using Guid(8c13ad53d980d2647b727535c84d7125) Importer(815301076,1909f56bfc062723c751e8b465ee728b)  -> (artifact id: 'ecc7d83f5d2afc1c64122acb8a360d47') in 0.008194 seconds 
========================================================================
Received Import Request.
  Time since last request: 0.000086 seconds.
  path: Assets/Assets/UI/pause 2.png
  artifactKey: Guid(6acd34c93e530dc4f915c697baf12ad2) Importer(815301076,1909f56bfc062723c751e8b465ee728b)
Start importing Assets/Assets/UI/pause 2.png using Guid(6acd34c93e530dc4f915c697baf12ad2) Importer(815301076,1909f56bfc062723c751e8b465ee728b)  -> (artifact id: '25d6357d94b3d370fb33f81b5d5393f3') in 0.008224 seconds 
========================================================================
Received Import Request.
  Time since last request: 0.000084 seconds.
  path: Assets/Assets/UI/play button.png
  artifactKey: Guid(dacc5eeceaafa7945a8ee09b13281779) Importer(815301076,1909f56bfc062723c751e8b465ee728b)
Start importing Assets/Assets/UI/play button.png using Guid(dacc5eeceaafa7945a8ee09b13281779) Importer(815301076,1909f56bfc062723c751e8b465ee728b)  -> (artifact id: '83abed18ec534fe8234053db299142ca') in 0.048082 seconds 
AssetImportWorkerClient::OnTransportError - code=2 error=End of file
